
[2018-07-05 13:58:39] Текст ошибки: Нет соединения с БД | Файл: C:\xampp\htdocs\ishop2.loc\vendor\ishop\core\Db.php | Строка: 14
=================
[2018-07-05 13:58:57] Текст ошибки: Нет соединения с БД | Файл: C:\xampp\htdocs\ishop2.loc\vendor\ishop\core\Db.php | Строка: 14
=================
[2018-07-05 13:59:10] Текст ошибки: На найден вид C:\xampp\htdocs\ishop2.loc/app/views/Page/view.php | Файл: C:\xampp\htdocs\ishop2.loc\vendor\ishop\core\base\View.php | Строка: 38
=================
[2018-07-05 14:05:20] Текст ошибки: На найден вид C:\xampp\htdocs\ishop2.loc/app/views/Page/view.php | Файл: C:\xampp\htdocs\ishop2.loc\vendor\ishop\core\base\View.php | Строка: 38
=================
[2018-07-06 07:35:25] Текст ошибки: Страница не найдена | Файл: C:\xampp\htdocs\ishop2.loc\vendor\ishop\core\Router.php | Строка: 39
=================
[2018-07-06 07:35:25] Текст ошибки: Страница не найдена | Файл: C:\xampp\htdocs\ishop2.loc\vendor\ishop\core\Router.php | Строка: 39
=================
[2018-07-06 07:35:25] Текст ошибки: Страница не найдена | Файл: C:\xampp\htdocs\ishop2.loc\vendor\ishop\core\Router.php | Строка: 39
=================
[2018-07-06 07:35:25] Текст ошибки: Страница не найдена | Файл: C:\xampp\htdocs\ishop2.loc\vendor\ishop\core\Router.php | Строка: 39
=================
[2018-07-06 07:35:25] Текст ошибки: Страница не найдена | Файл: C:\xampp\htdocs\ishop2.loc\vendor\ishop\core\Router.php | Строка: 39
=================
[2018-07-06 07:35:25] Текст ошибки: Страница не найдена | Файл: C:\xampp\htdocs\ishop2.loc\vendor\ishop\core\Router.php | Строка: 39
=================
[2018-07-06 07:35:25] Текст ошибки: Страница не найдена | Файл: C:\xampp\htdocs\ishop2.loc\vendor\ishop\core\Router.php | Строка: 39
=================
[2018-07-06 07:35:25] Текст ошибки: Страница не найдена | Файл: C:\xampp\htdocs\ishop2.loc\vendor\ishop\core\Router.php | Строка: 39
=================
[2018-07-06 07:35:25] Текст ошибки: Страница не найдена | Файл: C:\xampp\htdocs\ishop2.loc\vendor\ishop\core\Router.php | Строка: 39
=================
[2018-07-06 07:35:25] Текст ошибки: Страница не найдена | Файл: C:\xampp\htdocs\ishop2.loc\vendor\ishop\core\Router.php | Строка: 39
=================
[2018-07-06 07:35:25] Текст ошибки: Страница не найдена | Файл: C:\xampp\htdocs\ishop2.loc\vendor\ishop\core\Router.php | Строка: 39
=================
[2018-07-06 07:35:25] Текст ошибки: Страница не найдена | Файл: C:\xampp\htdocs\ishop2.loc\vendor\ishop\core\Router.php | Строка: 39
=================
[2018-07-06 07:35:25] Текст ошибки: Страница не найдена | Файл: C:\xampp\htdocs\ishop2.loc\vendor\ishop\core\Router.php | Строка: 39
=================
[2018-07-06 07:35:25] Текст ошибки: Страница не найдена | Файл: C:\xampp\htdocs\ishop2.loc\vendor\ishop\core\Router.php | Строка: 39
=================
[2018-07-06 07:35:25] Текст ошибки: Страница не найдена | Файл: C:\xampp\htdocs\ishop2.loc\vendor\ishop\core\Router.php | Строка: 39
=================
[2018-07-06 07:35:25] Текст ошибки: Страница не найдена | Файл: C:\xampp\htdocs\ishop2.loc\vendor\ishop\core\Router.php | Строка: 39
=================
[2018-07-06 07:35:25] Текст ошибки: Страница не найдена | Файл: C:\xampp\htdocs\ishop2.loc\vendor\ishop\core\Router.php | Строка: 39
=================
[2018-07-06 07:35:25] Текст ошибки: Страница не найдена | Файл: C:\xampp\htdocs\ishop2.loc\vendor\ishop\core\Router.php | Строка: 39
=================
[2018-07-06 07:35:25] Текст ошибки: Страница не найдена | Файл: C:\xampp\htdocs\ishop2.loc\vendor\ishop\core\Router.php | Строка: 39
=================
[2018-07-06 07:35:25] Текст ошибки: Страница не найдена | Файл: C:\xampp\htdocs\ishop2.loc\vendor\ishop\core\Router.php | Строка: 39
=================
[2018-07-06 07:35:25] Текст ошибки: Страница не найдена | Файл: C:\xampp\htdocs\ishop2.loc\vendor\ishop\core\Router.php | Строка: 39
=================
[2018-07-06 07:35:25] Текст ошибки: Страница не найдена | Файл: C:\xampp\htdocs\ishop2.loc\vendor\ishop\core\Router.php | Строка: 39
=================
[2018-07-06 07:35:25] Текст ошибки: Страница не найдена | Файл: C:\xampp\htdocs\ishop2.loc\vendor\ishop\core\Router.php | Строка: 39
=================
[2018-07-06 07:35:25] Текст ошибки: Страница не найдена | Файл: C:\xampp\htdocs\ishop2.loc\vendor\ishop\core\Router.php | Строка: 39
=================
[2018-07-06 07:35:25] Текст ошибки: Страница не найдена | Файл: C:\xampp\htdocs\ishop2.loc\vendor\ishop\core\Router.php | Строка: 39
=================
[2018-07-06 07:35:25] Текст ошибки: Страница не найдена | Файл: C:\xampp\htdocs\ishop2.loc\vendor\ishop\core\Router.php | Строка: 39
=================
[2018-07-06 07:35:25] Текст ошибки: Страница не найдена | Файл: C:\xampp\htdocs\ishop2.loc\vendor\ishop\core\Router.php | Строка: 39
=================
[2018-07-06 07:35:26] Текст ошибки: Страница не найдена | Файл: C:\xampp\htdocs\ishop2.loc\vendor\ishop\core\Router.php | Строка: 39
=================
[2018-07-06 07:35:27] Текст ошибки: Страница не найдена | Файл: C:\xampp\htdocs\ishop2.loc\vendor\ishop\core\Router.php | Строка: 39
=================
[2018-07-06 07:39:25] Текст ошибки: Страница не найдена | Файл: C:\xampp\htdocs\ishop2.loc\vendor\ishop\core\Router.php | Строка: 39
=================
[2018-07-06 07:39:25] Текст ошибки: Страница не найдена | Файл: C:\xampp\htdocs\ishop2.loc\vendor\ishop\core\Router.php | Строка: 39
=================
[2018-07-06 07:39:25] Текст ошибки: Страница не найдена | Файл: C:\xampp\htdocs\ishop2.loc\vendor\ishop\core\Router.php | Строка: 39
=================
[2018-07-06 07:39:25] Текст ошибки: Страница не найдена | Файл: C:\xampp\htdocs\ishop2.loc\vendor\ishop\core\Router.php | Строка: 39
=================
[2018-07-06 07:39:25] Текст ошибки: Страница не найдена | Файл: C:\xampp\htdocs\ishop2.loc\vendor\ishop\core\Router.php | Строка: 39
=================
[2018-07-06 07:39:25] Текст ошибки: Страница не найдена | Файл: C:\xampp\htdocs\ishop2.loc\vendor\ishop\core\Router.php | Строка: 39
=================
[2018-07-06 07:39:25] Текст ошибки: Страница не найдена | Файл: C:\xampp\htdocs\ishop2.loc\vendor\ishop\core\Router.php | Строка: 39
=================
[2018-07-06 07:39:25] Текст ошибки: Страница не найдена | Файл: C:\xampp\htdocs\ishop2.loc\vendor\ishop\core\Router.php | Строка: 39
=================
[2018-07-06 07:39:25] Текст ошибки: Страница не найдена | Файл: C:\xampp\htdocs\ishop2.loc\vendor\ishop\core\Router.php | Строка: 39
=================
[2018-07-06 07:39:25] Текст ошибки: Страница не найдена | Файл: C:\xampp\htdocs\ishop2.loc\vendor\ishop\core\Router.php | Строка: 39
=================
[2018-07-06 07:39:25] Текст ошибки: Страница не найдена | Файл: C:\xampp\htdocs\ishop2.loc\vendor\ishop\core\Router.php | Строка: 39
=================
[2018-07-06 07:39:25] Текст ошибки: Страница не найдена | Файл: C:\xampp\htdocs\ishop2.loc\vendor\ishop\core\Router.php | Строка: 39
=================
[2018-07-06 07:39:25] Текст ошибки: Страница не найдена | Файл: C:\xampp\htdocs\ishop2.loc\vendor\ishop\core\Router.php | Строка: 39
=================
[2018-07-06 07:39:25] Текст ошибки: Страница не найдена | Файл: C:\xampp\htdocs\ishop2.loc\vendor\ishop\core\Router.php | Строка: 39
=================
[2018-07-06 07:39:25] Текст ошибки: Страница не найдена | Файл: C:\xampp\htdocs\ishop2.loc\vendor\ishop\core\Router.php | Строка: 39
=================
[2018-07-06 07:39:25] Текст ошибки: Страница не найдена | Файл: C:\xampp\htdocs\ishop2.loc\vendor\ishop\core\Router.php | Строка: 39
=================
[2018-07-06 07:39:25] Текст ошибки: Страница не найдена | Файл: C:\xampp\htdocs\ishop2.loc\vendor\ishop\core\Router.php | Строка: 39
=================
[2018-07-06 07:39:25] Текст ошибки: Страница не найдена | Файл: C:\xampp\htdocs\ishop2.loc\vendor\ishop\core\Router.php | Строка: 39
=================
[2018-07-06 07:39:25] Текст ошибки: Страница не найдена | Файл: C:\xampp\htdocs\ishop2.loc\vendor\ishop\core\Router.php | Строка: 39
=================
[2018-07-06 07:39:25] Текст ошибки: Страница не найдена | Файл: C:\xampp\htdocs\ishop2.loc\vendor\ishop\core\Router.php | Строка: 39
=================
[2018-07-06 07:39:25] Текст ошибки: Страница не найдена | Файл: C:\xampp\htdocs\ishop2.loc\vendor\ishop\core\Router.php | Строка: 39
=================
[2018-07-06 07:39:25] Текст ошибки: Страница не найдена | Файл: C:\xampp\htdocs\ishop2.loc\vendor\ishop\core\Router.php | Строка: 39
=================
[2018-07-06 07:39:25] Текст ошибки: Страница не найдена | Файл: C:\xampp\htdocs\ishop2.loc\vendor\ishop\core\Router.php | Строка: 39
=================
[2018-07-06 07:39:25] Текст ошибки: Страница не найдена | Файл: C:\xampp\htdocs\ishop2.loc\vendor\ishop\core\Router.php | Строка: 39
=================
[2018-07-06 07:39:25] Текст ошибки: Страница не найдена | Файл: C:\xampp\htdocs\ishop2.loc\vendor\ishop\core\Router.php | Строка: 39
=================
[2018-07-06 07:39:25] Текст ошибки: Страница не найдена | Файл: C:\xampp\htdocs\ishop2.loc\vendor\ishop\core\Router.php | Строка: 39
=================
[2018-07-06 07:39:25] Текст ошибки: Страница не найдена | Файл: C:\xampp\htdocs\ishop2.loc\vendor\ishop\core\Router.php | Строка: 39
=================
[2018-07-06 07:39:25] Текст ошибки: Страница не найдена | Файл: C:\xampp\htdocs\ishop2.loc\vendor\ishop\core\Router.php | Строка: 39
=================
[2018-07-06 07:39:25] Текст ошибки: Страница не найдена | Файл: C:\xampp\htdocs\ishop2.loc\vendor\ishop\core\Router.php | Строка: 39
=================
[2018-07-06 07:40:55] Текст ошибки: Страница не найдена | Файл: C:\xampp\htdocs\ishop2.loc\vendor\ishop\core\Router.php | Строка: 39
=================
[2018-07-06 07:40:55] Текст ошибки: Страница не найдена | Файл: C:\xampp\htdocs\ishop2.loc\vendor\ishop\core\Router.php | Строка: 39
=================
[2018-07-06 07:40:55] Текст ошибки: Страница не найдена | Файл: C:\xampp\htdocs\ishop2.loc\vendor\ishop\core\Router.php | Строка: 39
=================
[2018-07-06 07:40:55] Текст ошибки: Страница не найдена | Файл: C:\xampp\htdocs\ishop2.loc\vendor\ishop\core\Router.php | Строка: 39
=================
[2018-07-06 07:40:55] Текст ошибки: Страница не найдена | Файл: C:\xampp\htdocs\ishop2.loc\vendor\ishop\core\Router.php | Строка: 39
=================
[2018-07-06 07:40:55] Текст ошибки: Страница не найдена | Файл: C:\xampp\htdocs\ishop2.loc\vendor\ishop\core\Router.php | Строка: 39
=================
[2018-07-06 07:40:55] Текст ошибки: Страница не найдена | Файл: C:\xampp\htdocs\ishop2.loc\vendor\ishop\core\Router.php | Строка: 39
=================
[2018-07-06 07:40:55] Текст ошибки: Страница не найдена | Файл: C:\xampp\htdocs\ishop2.loc\vendor\ishop\core\Router.php | Строка: 39
=================
[2018-07-06 07:40:55] Текст ошибки: Страница не найдена | Файл: C:\xampp\htdocs\ishop2.loc\vendor\ishop\core\Router.php | Строка: 39
=================
[2018-07-06 07:40:55] Текст ошибки: Страница не найдена | Файл: C:\xampp\htdocs\ishop2.loc\vendor\ishop\core\Router.php | Строка: 39
=================
[2018-07-06 07:40:55] Текст ошибки: Страница не найдена | Файл: C:\xampp\htdocs\ishop2.loc\vendor\ishop\core\Router.php | Строка: 39
=================
[2018-07-06 07:40:55] Текст ошибки: Страница не найдена | Файл: C:\xampp\htdocs\ishop2.loc\vendor\ishop\core\Router.php | Строка: 39
=================
[2018-07-06 07:40:55] Текст ошибки: Страница не найдена | Файл: C:\xampp\htdocs\ishop2.loc\vendor\ishop\core\Router.php | Строка: 39
=================
[2018-07-06 07:40:55] Текст ошибки: Страница не найдена | Файл: C:\xampp\htdocs\ishop2.loc\vendor\ishop\core\Router.php | Строка: 39
=================
[2018-07-06 07:40:55] Текст ошибки: Страница не найдена | Файл: C:\xampp\htdocs\ishop2.loc\vendor\ishop\core\Router.php | Строка: 39
=================
[2018-07-06 07:40:55] Текст ошибки: Страница не найдена | Файл: C:\xampp\htdocs\ishop2.loc\vendor\ishop\core\Router.php | Строка: 39
=================
[2018-07-06 07:40:55] Текст ошибки: Страница не найдена | Файл: C:\xampp\htdocs\ishop2.loc\vendor\ishop\core\Router.php | Строка: 39
=================
[2018-07-06 07:40:55] Текст ошибки: Страница не найдена | Файл: C:\xampp\htdocs\ishop2.loc\vendor\ishop\core\Router.php | Строка: 39
=================
[2018-07-06 07:40:55] Текст ошибки: Страница не найдена | Файл: C:\xampp\htdocs\ishop2.loc\vendor\ishop\core\Router.php | Строка: 39
=================
[2018-07-06 07:40:55] Текст ошибки: Страница не найдена | Файл: C:\xampp\htdocs\ishop2.loc\vendor\ishop\core\Router.php | Строка: 39
=================
[2018-07-06 07:40:55] Текст ошибки: Страница не найдена | Файл: C:\xampp\htdocs\ishop2.loc\vendor\ishop\core\Router.php | Строка: 39
=================
[2018-07-06 07:40:55] Текст ошибки: Страница не найдена | Файл: C:\xampp\htdocs\ishop2.loc\vendor\ishop\core\Router.php | Строка: 39
=================
[2018-07-06 07:40:55] Текст ошибки: Страница не найдена | Файл: C:\xampp\htdocs\ishop2.loc\vendor\ishop\core\Router.php | Строка: 39
=================
[2018-07-06 07:40:55] Текст ошибки: Страница не найдена | Файл: C:\xampp\htdocs\ishop2.loc\vendor\ishop\core\Router.php | Строка: 39
=================
[2018-07-06 07:40:55] Текст ошибки: Страница не найдена | Файл: C:\xampp\htdocs\ishop2.loc\vendor\ishop\core\Router.php | Строка: 39
=================
[2018-07-06 07:40:55] Текст ошибки: Страница не найдена | Файл: C:\xampp\htdocs\ishop2.loc\vendor\ishop\core\Router.php | Строка: 39
=================
[2018-07-06 07:40:55] Текст ошибки: Страница не найдена | Файл: C:\xampp\htdocs\ishop2.loc\vendor\ishop\core\Router.php | Строка: 39
=================
[2018-07-06 07:40:55] Текст ошибки: Страница не найдена | Файл: C:\xampp\htdocs\ishop2.loc\vendor\ishop\core\Router.php | Строка: 39
=================
[2018-07-06 07:40:55] Текст ошибки: Страница не найдена | Файл: C:\xampp\htdocs\ishop2.loc\vendor\ishop\core\Router.php | Строка: 39
=================
[2018-07-06 07:41:33] Текст ошибки: Страница не найдена | Файл: C:\xampp\htdocs\ishop2.loc\vendor\ishop\core\Router.php | Строка: 39
=================
[2018-07-06 07:41:33] Текст ошибки: Страница не найдена | Файл: C:\xampp\htdocs\ishop2.loc\vendor\ishop\core\Router.php | Строка: 39
=================
[2018-07-06 07:41:34] Текст ошибки: Страница не найдена | Файл: C:\xampp\htdocs\ishop2.loc\vendor\ishop\core\Router.php | Строка: 39
=================
[2018-07-06 07:41:34] Текст ошибки: Страница не найдена | Файл: C:\xampp\htdocs\ishop2.loc\vendor\ishop\core\Router.php | Строка: 39
=================
[2018-07-06 07:41:34] Текст ошибки: Страница не найдена | Файл: C:\xampp\htdocs\ishop2.loc\vendor\ishop\core\Router.php | Строка: 39
=================
[2018-07-06 07:41:34] Текст ошибки: Страница не найдена | Файл: C:\xampp\htdocs\ishop2.loc\vendor\ishop\core\Router.php | Строка: 39
=================
[2018-07-06 07:41:34] Текст ошибки: Страница не найдена | Файл: C:\xampp\htdocs\ishop2.loc\vendor\ishop\core\Router.php | Строка: 39
=================
[2018-07-06 07:41:34] Текст ошибки: Страница не найдена | Файл: C:\xampp\htdocs\ishop2.loc\vendor\ishop\core\Router.php | Строка: 39
=================
[2018-07-06 07:41:34] Текст ошибки: Страница не найдена | Файл: C:\xampp\htdocs\ishop2.loc\vendor\ishop\core\Router.php | Строка: 39
=================
[2018-07-06 07:41:34] Текст ошибки: Страница не найдена | Файл: C:\xampp\htdocs\ishop2.loc\vendor\ishop\core\Router.php | Строка: 39
=================
[2018-07-06 07:41:34] Текст ошибки: Страница не найдена | Файл: C:\xampp\htdocs\ishop2.loc\vendor\ishop\core\Router.php | Строка: 39
=================
[2018-07-06 07:41:34] Текст ошибки: Страница не найдена | Файл: C:\xampp\htdocs\ishop2.loc\vendor\ishop\core\Router.php | Строка: 39
=================
[2018-07-06 07:41:34] Текст ошибки: Страница не найдена | Файл: C:\xampp\htdocs\ishop2.loc\vendor\ishop\core\Router.php | Строка: 39
=================
[2018-07-06 07:41:34] Текст ошибки: Страница не найдена | Файл: C:\xampp\htdocs\ishop2.loc\vendor\ishop\core\Router.php | Строка: 39
=================
[2018-07-06 07:41:34] Текст ошибки: Страница не найдена | Файл: C:\xampp\htdocs\ishop2.loc\vendor\ishop\core\Router.php | Строка: 39
=================
[2018-07-06 07:41:34] Текст ошибки: Страница не найдена | Файл: C:\xampp\htdocs\ishop2.loc\vendor\ishop\core\Router.php | Строка: 39
=================
[2018-07-06 07:41:34] Текст ошибки: Страница не найдена | Файл: C:\xampp\htdocs\ishop2.loc\vendor\ishop\core\Router.php | Строка: 39
=================
[2018-07-06 07:41:34] Текст ошибки: Страница не найдена | Файл: C:\xampp\htdocs\ishop2.loc\vendor\ishop\core\Router.php | Строка: 39
=================
[2018-07-06 07:41:34] Текст ошибки: Страница не найдена | Файл: C:\xampp\htdocs\ishop2.loc\vendor\ishop\core\Router.php | Строка: 39
=================
[2018-07-06 07:41:34] Текст ошибки: Страница не найдена | Файл: C:\xampp\htdocs\ishop2.loc\vendor\ishop\core\Router.php | Строка: 39
=================
[2018-07-06 07:41:34] Текст ошибки: Страница не найдена | Файл: C:\xampp\htdocs\ishop2.loc\vendor\ishop\core\Router.php | Строка: 39
=================
[2018-07-06 07:41:34] Текст ошибки: Страница не найдена | Файл: C:\xampp\htdocs\ishop2.loc\vendor\ishop\core\Router.php | Строка: 39
=================
[2018-07-06 07:41:34] Текст ошибки: Страница не найдена | Файл: C:\xampp\htdocs\ishop2.loc\vendor\ishop\core\Router.php | Строка: 39
=================
[2018-07-06 07:41:34] Текст ошибки: Страница не найдена | Файл: C:\xampp\htdocs\ishop2.loc\vendor\ishop\core\Router.php | Строка: 39
=================
[2018-07-06 07:41:34] Текст ошибки: Страница не найдена | Файл: C:\xampp\htdocs\ishop2.loc\vendor\ishop\core\Router.php | Строка: 39
=================
[2018-07-06 07:41:34] Текст ошибки: Страница не найдена | Файл: C:\xampp\htdocs\ishop2.loc\vendor\ishop\core\Router.php | Строка: 39
=================
[2018-07-06 07:41:34] Текст ошибки: Страница не найдена | Файл: C:\xampp\htdocs\ishop2.loc\vendor\ishop\core\Router.php | Строка: 39
=================
[2018-07-06 07:41:34] Текст ошибки: Страница не найдена | Файл: C:\xampp\htdocs\ishop2.loc\vendor\ishop\core\Router.php | Строка: 39
=================
[2018-07-06 07:41:34] Текст ошибки: Страница не найдена | Файл: C:\xampp\htdocs\ishop2.loc\vendor\ishop\core\Router.php | Строка: 39
=================
[2018-07-06 07:43:49] Текст ошибки: Страница не найдена | Файл: C:\xampp\htdocs\ishop2.loc\vendor\ishop\core\Router.php | Строка: 39
=================
[2018-07-06 07:43:57] Текст ошибки: Страница не найдена | Файл: C:\xampp\htdocs\ishop2.loc\vendor\ishop\core\Router.php | Строка: 39
=================
[2018-07-06 07:46:18] Текст ошибки: Страница не найдена | Файл: C:\xampp\htdocs\ishop2.loc\vendor\ishop\core\Router.php | Строка: 39
=================
[2018-07-06 07:47:57] Текст ошибки: Страница не найдена | Файл: C:\xampp\htdocs\ishop2.loc\vendor\ishop\core\Router.php | Строка: 39
=================
[2018-07-06 07:48:02] Текст ошибки: Страница не найдена | Файл: C:\xampp\htdocs\ishop2.loc\vendor\ishop\core\Router.php | Строка: 39
=================
[2018-07-06 07:48:03] Текст ошибки: Страница не найдена | Файл: C:\xampp\htdocs\ishop2.loc\vendor\ishop\core\Router.php | Строка: 39
=================
[2018-07-06 07:48:06] Текст ошибки: Страница не найдена | Файл: C:\xampp\htdocs\ishop2.loc\vendor\ishop\core\Router.php | Строка: 39
=================
[2018-07-06 07:48:11] Текст ошибки: Страница не найдена | Файл: C:\xampp\htdocs\ishop2.loc\vendor\ishop\core\Router.php | Строка: 39
=================
[2018-07-06 07:48:14] Текст ошибки: Страница не найдена | Файл: C:\xampp\htdocs\ishop2.loc\vendor\ishop\core\Router.php | Строка: 39
=================
[2018-07-06 07:51:37] Текст ошибки: Страница не найдена | Файл: C:\xampp\htdocs\ishop2.loc\vendor\ishop\core\Router.php | Строка: 39
=================
[2018-07-06 07:57:57] Текст ошибки: Страница не найдена | Файл: C:\xampp\htdocs\ishop2.loc\vendor\ishop\core\Router.php | Строка: 39
=================
[2018-07-06 08:02:38] Текст ошибки: Страница не найдена | Файл: C:\xampp\htdocs\ishop2.loc\vendor\ishop\core\Router.php | Строка: 39
=================
[2018-07-06 08:02:57] Текст ошибки: Страница не найдена | Файл: C:\xampp\htdocs\ishop2.loc\vendor\ishop\core\Router.php | Строка: 39
=================
[2018-07-06 08:08:23] Текст ошибки: Нет соединения с БД | Файл: C:\xampp\htdocs\ishop2.loc\vendor\ishop\core\Db.php | Строка: 14
=================
[2018-07-06 13:45:18] Текст ошибки: Нет соединения с БД | Файл: C:\xampp\htdocs\ishop2.loc\vendor\ishop\core\Db.php | Строка: 14
=================
[2018-07-06 13:58:42] Текст ошибки: syntax error, unexpected end of file, expecting elseif (T_ELSEIF) or else (T_ELSE) or endif (T_ENDIF) | Файл: C:\xampp\htdocs\ishop2.loc\app\views\Main\index.php | Строка: 159
=================
[2018-07-06 13:58:45] Текст ошибки: syntax error, unexpected end of file, expecting elseif (T_ELSEIF) or else (T_ELSE) or endif (T_ENDIF) | Файл: C:\xampp\htdocs\ishop2.loc\app\views\Main\index.php | Строка: 159
=================
[2018-07-06 14:02:30] Текст ошибки: syntax error, unexpected end of file, expecting elseif (T_ELSEIF) or else (T_ELSE) or endif (T_ENDIF) | Файл: C:\xampp\htdocs\ishop2.loc\app\views\Main\index.php | Строка: 159
=================
[2018-07-06 14:03:51] Текст ошибки: syntax error, unexpected end of file, expecting elseif (T_ELSEIF) or else (T_ELSE) or endif (T_ENDIF) | Файл: C:\xampp\htdocs\ishop2.loc\app\views\Main\index.php | Строка: 155
=================
[2018-07-06 14:05:57] Текст ошибки: syntax error, unexpected end of file, expecting elseif (T_ELSEIF) or else (T_ELSE) or endif (T_ENDIF) | Файл: C:\xampp\htdocs\ishop2.loc\app\views\Main\index.php | Строка: 176
=================
[2018-07-06 14:06:32] Текст ошибки: syntax error, unexpected end of file, expecting elseif (T_ELSEIF) or else (T_ELSE) or endif (T_ENDIF) | Файл: C:\xampp\htdocs\ishop2.loc\app\views\Main\index.php | Строка: 164
=================
[2018-07-06 14:06:55] Текст ошибки: syntax error, unexpected end of file, expecting elseif (T_ELSEIF) or else (T_ELSE) or endif (T_ENDIF) | Файл: C:\xampp\htdocs\ishop2.loc\app\views\Main\index.php | Строка: 164
=================
[2018-07-06 14:09:53] Текст ошибки: syntax error, unexpected 'endforeach' (T_ENDFOREACH), expecting elseif (T_ELSEIF) or else (T_ELSE) or endif (T_ENDIF) | Файл: C:\xampp\htdocs\ishop2.loc\app\views\Main\index.php | Строка: 37
=================
[2018-07-06 14:09:53] Текст ошибки: syntax error, unexpected 'endforeach' (T_ENDFOREACH), expecting elseif (T_ELSEIF) or else (T_ELSE) or endif (T_ENDIF) | Файл: C:\xampp\htdocs\ishop2.loc\app\views\Main\index.php | Строка: 37
=================
[2018-07-06 14:10:21] Текст ошибки: syntax error, unexpected 'endforeach' (T_ENDFOREACH), expecting end of file | Файл: C:\xampp\htdocs\ishop2.loc\app\views\Main\index.php | Строка: 37
=================
[2018-07-06 20:14:38] Текст ошибки: Страница не найдена | Файл: C:\xampp\htdocs\ishop2.loc\vendor\ishop\core\Router.php | Строка: 39
=================
[2018-07-06 20:14:38] Текст ошибки: Страница не найдена | Файл: C:\xampp\htdocs\ishop2.loc\vendor\ishop\core\Router.php | Строка: 39
=================
[2018-07-06 20:14:38] Текст ошибки: Страница не найдена | Файл: C:\xampp\htdocs\ishop2.loc\vendor\ishop\core\Router.php | Строка: 39
=================
[2018-07-06 20:14:38] Текст ошибки: Страница не найдена | Файл: C:\xampp\htdocs\ishop2.loc\vendor\ishop\core\Router.php | Строка: 39
=================
[2018-07-06 20:14:38] Текст ошибки: Страница не найдена | Файл: C:\xampp\htdocs\ishop2.loc\vendor\ishop\core\Router.php | Строка: 39
=================
[2018-07-06 20:14:38] Текст ошибки: Страница не найдена | Файл: C:\xampp\htdocs\ishop2.loc\vendor\ishop\core\Router.php | Строка: 39
=================
[2018-07-06 20:14:38] Текст ошибки: Страница не найдена | Файл: C:\xampp\htdocs\ishop2.loc\vendor\ishop\core\Router.php | Строка: 39
=================
[2018-07-06 20:14:38] Текст ошибки: Страница не найдена | Файл: C:\xampp\htdocs\ishop2.loc\vendor\ishop\core\Router.php | Строка: 39
=================
[2018-07-06 20:14:38] Текст ошибки: Страница не найдена | Файл: C:\xampp\htdocs\ishop2.loc\vendor\ishop\core\Router.php | Строка: 39
=================
[2018-07-06 20:14:38] Текст ошибки: Страница не найдена | Файл: C:\xampp\htdocs\ishop2.loc\vendor\ishop\core\Router.php | Строка: 39
=================
[2018-07-06 20:14:38] Текст ошибки: Страница не найдена | Файл: C:\xampp\htdocs\ishop2.loc\vendor\ishop\core\Router.php | Строка: 39
=================
[2018-07-06 20:14:38] Текст ошибки: Страница не найдена | Файл: C:\xampp\htdocs\ishop2.loc\vendor\ishop\core\Router.php | Строка: 39
=================
[2018-07-06 20:14:38] Текст ошибки: Страница не найдена | Файл: C:\xampp\htdocs\ishop2.loc\vendor\ishop\core\Router.php | Строка: 39
=================
[2018-07-06 20:14:38] Текст ошибки: Страница не найдена | Файл: C:\xampp\htdocs\ishop2.loc\vendor\ishop\core\Router.php | Строка: 39
=================
[2018-07-06 20:14:38] Текст ошибки: Страница не найдена | Файл: C:\xampp\htdocs\ishop2.loc\vendor\ishop\core\Router.php | Строка: 39
=================
[2018-07-06 20:14:38] Текст ошибки: Страница не найдена | Файл: C:\xampp\htdocs\ishop2.loc\vendor\ishop\core\Router.php | Строка: 39
=================
[2018-07-06 20:14:38] Текст ошибки: Страница не найдена | Файл: C:\xampp\htdocs\ishop2.loc\vendor\ishop\core\Router.php | Строка: 39
=================
[2018-07-06 20:14:38] Текст ошибки: Страница не найдена | Файл: C:\xampp\htdocs\ishop2.loc\vendor\ishop\core\Router.php | Строка: 39
=================
[2018-07-06 20:14:38] Текст ошибки: Страница не найдена | Файл: C:\xampp\htdocs\ishop2.loc\vendor\ishop\core\Router.php | Строка: 39
=================
[2018-07-06 20:14:38] Текст ошибки: Страница не найдена | Файл: C:\xampp\htdocs\ishop2.loc\vendor\ishop\core\Router.php | Строка: 39
=================
[2018-07-06 20:14:38] Текст ошибки: Страница не найдена | Файл: C:\xampp\htdocs\ishop2.loc\vendor\ishop\core\Router.php | Строка: 39
=================
[2018-07-06 20:14:38] Текст ошибки: Страница не найдена | Файл: C:\xampp\htdocs\ishop2.loc\vendor\ishop\core\Router.php | Строка: 39
=================
[2018-07-06 20:14:38] Текст ошибки: Страница не найдена | Файл: C:\xampp\htdocs\ishop2.loc\vendor\ishop\core\Router.php | Строка: 39
=================
[2018-07-06 20:14:38] Текст ошибки: Страница не найдена | Файл: C:\xampp\htdocs\ishop2.loc\vendor\ishop\core\Router.php | Строка: 39
=================
[2018-07-06 20:14:38] Текст ошибки: Страница не найдена | Файл: C:\xampp\htdocs\ishop2.loc\vendor\ishop\core\Router.php | Строка: 39
=================
[2018-07-06 20:14:45] Текст ошибки: Страница не найдена | Файл: C:\xampp\htdocs\ishop2.loc\vendor\ishop\core\Router.php | Строка: 39
=================
[2018-07-06 20:14:45] Текст ошибки: Страница не найдена | Файл: C:\xampp\htdocs\ishop2.loc\vendor\ishop\core\Router.php | Строка: 39
=================
[2018-07-06 20:14:45] Текст ошибки: Страница не найдена | Файл: C:\xampp\htdocs\ishop2.loc\vendor\ishop\core\Router.php | Строка: 39
=================
[2018-07-06 20:14:45] Текст ошибки: Страница не найдена | Файл: C:\xampp\htdocs\ishop2.loc\vendor\ishop\core\Router.php | Строка: 39
=================
[2018-07-06 20:14:45] Текст ошибки: Страница не найдена | Файл: C:\xampp\htdocs\ishop2.loc\vendor\ishop\core\Router.php | Строка: 39
=================
[2018-07-06 20:14:45] Текст ошибки: Страница не найдена | Файл: C:\xampp\htdocs\ishop2.loc\vendor\ishop\core\Router.php | Строка: 39
=================
[2018-07-06 20:14:45] Текст ошибки: Страница не найдена | Файл: C:\xampp\htdocs\ishop2.loc\vendor\ishop\core\Router.php | Строка: 39
=================
[2018-07-06 20:14:45] Текст ошибки: Страница не найдена | Файл: C:\xampp\htdocs\ishop2.loc\vendor\ishop\core\Router.php | Строка: 39
=================
[2018-07-06 20:14:45] Текст ошибки: Страница не найдена | Файл: C:\xampp\htdocs\ishop2.loc\vendor\ishop\core\Router.php | Строка: 39
=================
[2018-07-06 20:14:45] Текст ошибки: Страница не найдена | Файл: C:\xampp\htdocs\ishop2.loc\vendor\ishop\core\Router.php | Строка: 39
=================
[2018-07-06 20:14:45] Текст ошибки: Страница не найдена | Файл: C:\xampp\htdocs\ishop2.loc\vendor\ishop\core\Router.php | Строка: 39
=================
[2018-07-06 20:14:45] Текст ошибки: Страница не найдена | Файл: C:\xampp\htdocs\ishop2.loc\vendor\ishop\core\Router.php | Строка: 39
=================
[2018-07-06 20:14:45] Текст ошибки: Страница не найдена | Файл: C:\xampp\htdocs\ishop2.loc\vendor\ishop\core\Router.php | Строка: 39
=================
[2018-07-06 20:14:45] Текст ошибки: Страница не найдена | Файл: C:\xampp\htdocs\ishop2.loc\vendor\ishop\core\Router.php | Строка: 39
=================
[2018-07-06 20:14:45] Текст ошибки: Страница не найдена | Файл: C:\xampp\htdocs\ishop2.loc\vendor\ishop\core\Router.php | Строка: 39
=================
[2018-07-06 20:14:45] Текст ошибки: Страница не найдена | Файл: C:\xampp\htdocs\ishop2.loc\vendor\ishop\core\Router.php | Строка: 39
=================
[2018-07-06 20:14:45] Текст ошибки: Страница не найдена | Файл: C:\xampp\htdocs\ishop2.loc\vendor\ishop\core\Router.php | Строка: 39
=================
[2018-07-06 20:14:45] Текст ошибки: Страница не найдена | Файл: C:\xampp\htdocs\ishop2.loc\vendor\ishop\core\Router.php | Строка: 39
=================
[2018-07-06 20:14:45] Текст ошибки: Страница не найдена | Файл: C:\xampp\htdocs\ishop2.loc\vendor\ishop\core\Router.php | Строка: 39
=================
[2018-07-06 20:14:45] Текст ошибки: Страница не найдена | Файл: C:\xampp\htdocs\ishop2.loc\vendor\ishop\core\Router.php | Строка: 39
=================
[2018-07-06 20:14:45] Текст ошибки: Страница не найдена | Файл: C:\xampp\htdocs\ishop2.loc\vendor\ishop\core\Router.php | Строка: 39
=================
[2018-07-06 20:14:45] Текст ошибки: Страница не найдена | Файл: C:\xampp\htdocs\ishop2.loc\vendor\ishop\core\Router.php | Строка: 39
=================
[2018-07-06 20:14:45] Текст ошибки: Страница не найдена | Файл: C:\xampp\htdocs\ishop2.loc\vendor\ishop\core\Router.php | Строка: 39
=================
[2018-07-06 20:14:45] Текст ошибки: Страница не найдена | Файл: C:\xampp\htdocs\ishop2.loc\vendor\ishop\core\Router.php | Строка: 39
=================
[2018-07-06 20:14:45] Текст ошибки: Страница не найдена | Файл: C:\xampp\htdocs\ishop2.loc\vendor\ishop\core\Router.php | Строка: 39
=================
[2018-07-06 20:14:45] Текст ошибки: Страница не найдена | Файл: C:\xampp\htdocs\ishop2.loc\vendor\ishop\core\Router.php | Строка: 39
=================
[2018-07-06 20:14:49] Текст ошибки: Страница не найдена | Файл: C:\xampp\htdocs\ishop2.loc\vendor\ishop\core\Router.php | Строка: 39
=================
[2018-07-06 20:14:49] Текст ошибки: Страница не найдена | Файл: C:\xampp\htdocs\ishop2.loc\vendor\ishop\core\Router.php | Строка: 39
=================
[2018-07-06 20:14:49] Текст ошибки: Страница не найдена | Файл: C:\xampp\htdocs\ishop2.loc\vendor\ishop\core\Router.php | Строка: 39
=================
[2018-07-06 20:14:49] Текст ошибки: Страница не найдена | Файл: C:\xampp\htdocs\ishop2.loc\vendor\ishop\core\Router.php | Строка: 39
=================
[2018-07-06 20:14:49] Текст ошибки: Страница не найдена | Файл: C:\xampp\htdocs\ishop2.loc\vendor\ishop\core\Router.php | Строка: 39
=================
[2018-07-06 20:14:49] Текст ошибки: Страница не найдена | Файл: C:\xampp\htdocs\ishop2.loc\vendor\ishop\core\Router.php | Строка: 39
=================
[2018-07-06 20:14:49] Текст ошибки: Страница не найдена | Файл: C:\xampp\htdocs\ishop2.loc\vendor\ishop\core\Router.php | Строка: 39
=================
[2018-07-06 20:14:49] Текст ошибки: Страница не найдена | Файл: C:\xampp\htdocs\ishop2.loc\vendor\ishop\core\Router.php | Строка: 39
=================
[2018-07-06 20:14:49] Текст ошибки: Страница не найдена | Файл: C:\xampp\htdocs\ishop2.loc\vendor\ishop\core\Router.php | Строка: 39
=================
[2018-07-06 20:14:49] Текст ошибки: Страница не найдена | Файл: C:\xampp\htdocs\ishop2.loc\vendor\ishop\core\Router.php | Строка: 39
=================
[2018-07-06 20:14:49] Текст ошибки: Страница не найдена | Файл: C:\xampp\htdocs\ishop2.loc\vendor\ishop\core\Router.php | Строка: 39
=================
[2018-07-06 20:14:49] Текст ошибки: Страница не найдена | Файл: C:\xampp\htdocs\ishop2.loc\vendor\ishop\core\Router.php | Строка: 39
=================
[2018-07-06 20:14:49] Текст ошибки: Страница не найдена | Файл: C:\xampp\htdocs\ishop2.loc\vendor\ishop\core\Router.php | Строка: 39
=================
[2018-07-06 20:14:49] Текст ошибки: Страница не найдена | Файл: C:\xampp\htdocs\ishop2.loc\vendor\ishop\core\Router.php | Строка: 39
=================
[2018-07-06 20:14:49] Текст ошибки: Страница не найдена | Файл: C:\xampp\htdocs\ishop2.loc\vendor\ishop\core\Router.php | Строка: 39
=================
[2018-07-06 20:14:49] Текст ошибки: Страница не найдена | Файл: C:\xampp\htdocs\ishop2.loc\vendor\ishop\core\Router.php | Строка: 39
=================
[2018-07-06 20:14:49] Текст ошибки: Страница не найдена | Файл: C:\xampp\htdocs\ishop2.loc\vendor\ishop\core\Router.php | Строка: 39
=================
[2018-07-06 20:14:49] Текст ошибки: Страница не найдена | Файл: C:\xampp\htdocs\ishop2.loc\vendor\ishop\core\Router.php | Строка: 39
=================
[2018-07-06 20:14:49] Текст ошибки: Страница не найдена | Файл: C:\xampp\htdocs\ishop2.loc\vendor\ishop\core\Router.php | Строка: 39
=================
[2018-07-06 20:14:49] Текст ошибки: Страница не найдена | Файл: C:\xampp\htdocs\ishop2.loc\vendor\ishop\core\Router.php | Строка: 39
=================
[2018-07-06 20:14:49] Текст ошибки: Страница не найдена | Файл: C:\xampp\htdocs\ishop2.loc\vendor\ishop\core\Router.php | Строка: 39
=================
[2018-07-06 20:14:49] Текст ошибки: Страница не найдена | Файл: C:\xampp\htdocs\ishop2.loc\vendor\ishop\core\Router.php | Строка: 39
=================
[2018-07-06 20:14:49] Текст ошибки: Страница не найдена | Файл: C:\xampp\htdocs\ishop2.loc\vendor\ishop\core\Router.php | Строка: 39
=================
[2018-07-06 20:14:49] Текст ошибки: Страница не найдена | Файл: C:\xampp\htdocs\ishop2.loc\vendor\ishop\core\Router.php | Строка: 39
=================
[2018-07-06 20:14:49] Текст ошибки: Страница не найдена | Файл: C:\xampp\htdocs\ishop2.loc\vendor\ishop\core\Router.php | Строка: 39
=================
[2018-07-06 20:14:49] Текст ошибки: Страница не найдена | Файл: C:\xampp\htdocs\ishop2.loc\vendor\ishop\core\Router.php | Строка: 39
=================
[2018-07-06 20:14:49] Текст ошибки: Страница не найдена | Файл: C:\xampp\htdocs\ishop2.loc\vendor\ishop\core\Router.php | Строка: 39
=================
[2018-07-06 20:14:49] Текст ошибки: Страница не найдена | Файл: C:\xampp\htdocs\ishop2.loc\vendor\ishop\core\Router.php | Строка: 39
=================
[2018-07-06 20:14:50] Текст ошибки: Страница не найдена | Файл: C:\xampp\htdocs\ishop2.loc\vendor\ishop\core\Router.php | Строка: 39
=================
[2018-07-06 20:14:51] Текст ошибки: Страница не найдена | Файл: C:\xampp\htdocs\ishop2.loc\vendor\ishop\core\Router.php | Строка: 39
=================
[2018-07-06 20:14:51] Текст ошибки: Страница не найдена | Файл: C:\xampp\htdocs\ishop2.loc\vendor\ishop\core\Router.php | Строка: 39
=================
[2018-07-06 20:14:51] Текст ошибки: Страница не найдена | Файл: C:\xampp\htdocs\ishop2.loc\vendor\ishop\core\Router.php | Строка: 39
=================
[2018-07-06 20:14:51] Текст ошибки: Страница не найдена | Файл: C:\xampp\htdocs\ishop2.loc\vendor\ishop\core\Router.php | Строка: 39
=================
[2018-07-06 20:14:51] Текст ошибки: Страница не найдена | Файл: C:\xampp\htdocs\ishop2.loc\vendor\ishop\core\Router.php | Строка: 39
=================
[2018-07-06 20:14:51] Текст ошибки: Страница не найдена | Файл: C:\xampp\htdocs\ishop2.loc\vendor\ishop\core\Router.php | Строка: 39
=================
[2018-07-06 20:14:51] Текст ошибки: Страница не найдена | Файл: C:\xampp\htdocs\ishop2.loc\vendor\ishop\core\Router.php | Строка: 39
=================
[2018-07-06 20:14:51] Текст ошибки: Страница не найдена | Файл: C:\xampp\htdocs\ishop2.loc\vendor\ishop\core\Router.php | Строка: 39
=================
[2018-07-06 20:14:51] Текст ошибки: Страница не найдена | Файл: C:\xampp\htdocs\ishop2.loc\vendor\ishop\core\Router.php | Строка: 39
=================
[2018-07-06 20:14:51] Текст ошибки: Страница не найдена | Файл: C:\xampp\htdocs\ishop2.loc\vendor\ishop\core\Router.php | Строка: 39
=================
[2018-07-06 20:14:51] Текст ошибки: Страница не найдена | Файл: C:\xampp\htdocs\ishop2.loc\vendor\ishop\core\Router.php | Строка: 39
=================
[2018-07-06 20:14:51] Текст ошибки: Страница не найдена | Файл: C:\xampp\htdocs\ishop2.loc\vendor\ishop\core\Router.php | Строка: 39
=================
[2018-07-06 20:14:51] Текст ошибки: Страница не найдена | Файл: C:\xampp\htdocs\ishop2.loc\vendor\ishop\core\Router.php | Строка: 39
=================
[2018-07-06 20:14:51] Текст ошибки: Страница не найдена | Файл: C:\xampp\htdocs\ishop2.loc\vendor\ishop\core\Router.php | Строка: 39
=================
[2018-07-06 20:14:51] Текст ошибки: Страница не найдена | Файл: C:\xampp\htdocs\ishop2.loc\vendor\ishop\core\Router.php | Строка: 39
=================
[2018-07-06 20:14:51] Текст ошибки: Страница не найдена | Файл: C:\xampp\htdocs\ishop2.loc\vendor\ishop\core\Router.php | Строка: 39
=================
[2018-07-06 20:14:51] Текст ошибки: Страница не найдена | Файл: C:\xampp\htdocs\ishop2.loc\vendor\ishop\core\Router.php | Строка: 39
=================
[2018-07-06 20:14:51] Текст ошибки: Страница не найдена | Файл: C:\xampp\htdocs\ishop2.loc\vendor\ishop\core\Router.php | Строка: 39
=================
[2018-07-06 20:14:51] Текст ошибки: Страница не найдена | Файл: C:\xampp\htdocs\ishop2.loc\vendor\ishop\core\Router.php | Строка: 39
=================
[2018-07-06 20:14:51] Текст ошибки: Страница не найдена | Файл: C:\xampp\htdocs\ishop2.loc\vendor\ishop\core\Router.php | Строка: 39
=================
[2018-07-06 20:14:51] Текст ошибки: Страница не найдена | Файл: C:\xampp\htdocs\ishop2.loc\vendor\ishop\core\Router.php | Строка: 39
=================
[2018-07-06 20:14:51] Текст ошибки: Страница не найдена | Файл: C:\xampp\htdocs\ishop2.loc\vendor\ishop\core\Router.php | Строка: 39
=================
[2018-07-06 20:14:51] Текст ошибки: Страница не найдена | Файл: C:\xampp\htdocs\ishop2.loc\vendor\ishop\core\Router.php | Строка: 39
=================
[2018-07-06 20:14:51] Текст ошибки: Страница не найдена | Файл: C:\xampp\htdocs\ishop2.loc\vendor\ishop\core\Router.php | Строка: 39
=================
[2018-07-06 20:14:51] Текст ошибки: Страница не найдена | Файл: C:\xampp\htdocs\ishop2.loc\vendor\ishop\core\Router.php | Строка: 39
=================
[2018-07-06 20:14:51] Текст ошибки: Страница не найдена | Файл: C:\xampp\htdocs\ishop2.loc\vendor\ishop\core\Router.php | Строка: 39
=================
[2018-07-06 20:14:51] Текст ошибки: Страница не найдена | Файл: C:\xampp\htdocs\ishop2.loc\vendor\ishop\core\Router.php | Строка: 39
=================
[2018-07-06 20:14:51] Текст ошибки: Страница не найдена | Файл: C:\xampp\htdocs\ishop2.loc\vendor\ishop\core\Router.php | Строка: 39
=================
[2018-07-06 20:14:52] Текст ошибки: Страница не найдена | Файл: C:\xampp\htdocs\ishop2.loc\vendor\ishop\core\Router.php | Строка: 39
=================
[2018-07-06 20:14:52] Текст ошибки: Страница не найдена | Файл: C:\xampp\htdocs\ishop2.loc\vendor\ishop\core\Router.php | Строка: 39
=================
[2018-07-06 20:14:52] Текст ошибки: Страница не найдена | Файл: C:\xampp\htdocs\ishop2.loc\vendor\ishop\core\Router.php | Строка: 39
=================
[2018-07-06 20:14:52] Текст ошибки: Страница не найдена | Файл: C:\xampp\htdocs\ishop2.loc\vendor\ishop\core\Router.php | Строка: 39
=================
[2018-07-06 20:14:52] Текст ошибки: Страница не найдена | Файл: C:\xampp\htdocs\ishop2.loc\vendor\ishop\core\Router.php | Строка: 39
=================
[2018-07-06 20:14:52] Текст ошибки: Страница не найдена | Файл: C:\xampp\htdocs\ishop2.loc\vendor\ishop\core\Router.php | Строка: 39
=================
[2018-07-06 20:14:52] Текст ошибки: Страница не найдена | Файл: C:\xampp\htdocs\ishop2.loc\vendor\ishop\core\Router.php | Строка: 39
=================
[2018-07-06 20:14:52] Текст ошибки: Страница не найдена | Файл: C:\xampp\htdocs\ishop2.loc\vendor\ishop\core\Router.php | Строка: 39
=================
[2018-07-06 20:14:52] Текст ошибки: Страница не найдена | Файл: C:\xampp\htdocs\ishop2.loc\vendor\ishop\core\Router.php | Строка: 39
=================
[2018-07-06 20:14:52] Текст ошибки: Страница не найдена | Файл: C:\xampp\htdocs\ishop2.loc\vendor\ishop\core\Router.php | Строка: 39
=================
[2018-07-06 20:14:52] Текст ошибки: Страница не найдена | Файл: C:\xampp\htdocs\ishop2.loc\vendor\ishop\core\Router.php | Строка: 39
=================
[2018-07-06 20:14:52] Текст ошибки: Страница не найдена | Файл: C:\xampp\htdocs\ishop2.loc\vendor\ishop\core\Router.php | Строка: 39
=================
[2018-07-06 20:14:52] Текст ошибки: Страница не найдена | Файл: C:\xampp\htdocs\ishop2.loc\vendor\ishop\core\Router.php | Строка: 39
=================
[2018-07-06 20:14:52] Текст ошибки: Страница не найдена | Файл: C:\xampp\htdocs\ishop2.loc\vendor\ishop\core\Router.php | Строка: 39
=================
[2018-07-06 20:14:52] Текст ошибки: Страница не найдена | Файл: C:\xampp\htdocs\ishop2.loc\vendor\ishop\core\Router.php | Строка: 39
=================
[2018-07-06 20:14:52] Текст ошибки: Страница не найдена | Файл: C:\xampp\htdocs\ishop2.loc\vendor\ishop\core\Router.php | Строка: 39
=================
[2018-07-06 20:14:52] Текст ошибки: Страница не найдена | Файл: C:\xampp\htdocs\ishop2.loc\vendor\ishop\core\Router.php | Строка: 39
=================
[2018-07-06 20:14:52] Текст ошибки: Страница не найдена | Файл: C:\xampp\htdocs\ishop2.loc\vendor\ishop\core\Router.php | Строка: 39
=================
[2018-07-06 20:14:52] Текст ошибки: Страница не найдена | Файл: C:\xampp\htdocs\ishop2.loc\vendor\ishop\core\Router.php | Строка: 39
=================
[2018-07-06 20:14:52] Текст ошибки: Страница не найдена | Файл: C:\xampp\htdocs\ishop2.loc\vendor\ishop\core\Router.php | Строка: 39
=================
[2018-07-06 20:14:52] Текст ошибки: Страница не найдена | Файл: C:\xampp\htdocs\ishop2.loc\vendor\ishop\core\Router.php | Строка: 39
=================
[2018-07-06 20:14:52] Текст ошибки: Страница не найдена | Файл: C:\xampp\htdocs\ishop2.loc\vendor\ishop\core\Router.php | Строка: 39
=================
[2018-07-06 20:14:52] Текст ошибки: Страница не найдена | Файл: C:\xampp\htdocs\ishop2.loc\vendor\ishop\core\Router.php | Строка: 39
=================
[2018-07-06 20:14:55] Текст ошибки: Страница не найдена | Файл: C:\xampp\htdocs\ishop2.loc\vendor\ishop\core\Router.php | Строка: 39
=================
[2018-07-06 20:14:55] Текст ошибки: Страница не найдена | Файл: C:\xampp\htdocs\ishop2.loc\vendor\ishop\core\Router.php | Строка: 39
=================
[2018-07-06 20:14:55] Текст ошибки: Страница не найдена | Файл: C:\xampp\htdocs\ishop2.loc\vendor\ishop\core\Router.php | Строка: 39
=================
[2018-07-06 20:14:55] Текст ошибки: Страница не найдена | Файл: C:\xampp\htdocs\ishop2.loc\vendor\ishop\core\Router.php | Строка: 39
=================
[2018-07-06 20:14:55] Текст ошибки: Страница не найдена | Файл: C:\xampp\htdocs\ishop2.loc\vendor\ishop\core\Router.php | Строка: 39
=================
[2018-07-06 20:14:55] Текст ошибки: Страница не найдена | Файл: C:\xampp\htdocs\ishop2.loc\vendor\ishop\core\Router.php | Строка: 39
=================
[2018-07-06 20:14:55] Текст ошибки: Страница не найдена | Файл: C:\xampp\htdocs\ishop2.loc\vendor\ishop\core\Router.php | Строка: 39
=================
[2018-07-06 20:14:55] Текст ошибки: Страница не найдена | Файл: C:\xampp\htdocs\ishop2.loc\vendor\ishop\core\Router.php | Строка: 39
=================
[2018-07-06 20:14:55] Текст ошибки: Страница не найдена | Файл: C:\xampp\htdocs\ishop2.loc\vendor\ishop\core\Router.php | Строка: 39
=================
[2018-07-06 20:14:55] Текст ошибки: Страница не найдена | Файл: C:\xampp\htdocs\ishop2.loc\vendor\ishop\core\Router.php | Строка: 39
=================
[2018-07-06 20:14:55] Текст ошибки: Страница не найдена | Файл: C:\xampp\htdocs\ishop2.loc\vendor\ishop\core\Router.php | Строка: 39
=================
[2018-07-06 20:14:55] Текст ошибки: Страница не найдена | Файл: C:\xampp\htdocs\ishop2.loc\vendor\ishop\core\Router.php | Строка: 39
=================
[2018-07-06 20:14:55] Текст ошибки: Страница не найдена | Файл: C:\xampp\htdocs\ishop2.loc\vendor\ishop\core\Router.php | Строка: 39
=================
[2018-07-06 20:14:55] Текст ошибки: Страница не найдена | Файл: C:\xampp\htdocs\ishop2.loc\vendor\ishop\core\Router.php | Строка: 39
=================
[2018-07-06 20:14:55] Текст ошибки: Страница не найдена | Файл: C:\xampp\htdocs\ishop2.loc\vendor\ishop\core\Router.php | Строка: 39
=================
[2018-07-06 20:14:55] Текст ошибки: Страница не найдена | Файл: C:\xampp\htdocs\ishop2.loc\vendor\ishop\core\Router.php | Строка: 39
=================
[2018-07-06 20:14:55] Текст ошибки: Страница не найдена | Файл: C:\xampp\htdocs\ishop2.loc\vendor\ishop\core\Router.php | Строка: 39
=================
[2018-07-06 20:14:55] Текст ошибки: Страница не найдена | Файл: C:\xampp\htdocs\ishop2.loc\vendor\ishop\core\Router.php | Строка: 39
=================
[2018-07-06 20:14:55] Текст ошибки: Страница не найдена | Файл: C:\xampp\htdocs\ishop2.loc\vendor\ishop\core\Router.php | Строка: 39
=================
[2018-07-06 20:14:55] Текст ошибки: Страница не найдена | Файл: C:\xampp\htdocs\ishop2.loc\vendor\ishop\core\Router.php | Строка: 39
=================
[2018-07-06 20:14:55] Текст ошибки: Страница не найдена | Файл: C:\xampp\htdocs\ishop2.loc\vendor\ishop\core\Router.php | Строка: 39
=================
[2018-07-06 20:14:55] Текст ошибки: Страница не найдена | Файл: C:\xampp\htdocs\ishop2.loc\vendor\ishop\core\Router.php | Строка: 39
=================
[2018-07-06 20:14:55] Текст ошибки: Страница не найдена | Файл: C:\xampp\htdocs\ishop2.loc\vendor\ishop\core\Router.php | Строка: 39
=================
[2018-07-06 20:14:55] Текст ошибки: Страница не найдена | Файл: C:\xampp\htdocs\ishop2.loc\vendor\ishop\core\Router.php | Строка: 39
=================
[2018-07-06 20:14:55] Текст ошибки: Страница не найдена | Файл: C:\xampp\htdocs\ishop2.loc\vendor\ishop\core\Router.php | Строка: 39
=================
[2018-07-06 20:14:55] Текст ошибки: Страница не найдена | Файл: C:\xampp\htdocs\ishop2.loc\vendor\ishop\core\Router.php | Строка: 39
=================
[2018-07-06 20:16:11] Текст ошибки: Страница не найдена | Файл: C:\xampp\htdocs\ishop2.loc\vendor\ishop\core\Router.php | Строка: 39
=================
[2018-07-06 20:16:11] Текст ошибки: Страница не найдена | Файл: C:\xampp\htdocs\ishop2.loc\vendor\ishop\core\Router.php | Строка: 39
=================
[2018-07-06 20:16:11] Текст ошибки: Страница не найдена | Файл: C:\xampp\htdocs\ishop2.loc\vendor\ishop\core\Router.php | Строка: 39
=================
[2018-07-06 20:16:11] Текст ошибки: Страница не найдена | Файл: C:\xampp\htdocs\ishop2.loc\vendor\ishop\core\Router.php | Строка: 39
=================
[2018-07-06 20:16:11] Текст ошибки: Страница не найдена | Файл: C:\xampp\htdocs\ishop2.loc\vendor\ishop\core\Router.php | Строка: 39
=================
[2018-07-06 20:16:11] Текст ошибки: Страница не найдена | Файл: C:\xampp\htdocs\ishop2.loc\vendor\ishop\core\Router.php | Строка: 39
=================
[2018-07-06 20:16:11] Текст ошибки: Страница не найдена | Файл: C:\xampp\htdocs\ishop2.loc\vendor\ishop\core\Router.php | Строка: 39
=================
[2018-07-06 20:16:11] Текст ошибки: Страница не найдена | Файл: C:\xampp\htdocs\ishop2.loc\vendor\ishop\core\Router.php | Строка: 39
=================
[2018-07-06 20:16:11] Текст ошибки: Страница не найдена | Файл: C:\xampp\htdocs\ishop2.loc\vendor\ishop\core\Router.php | Строка: 39
=================
[2018-07-06 20:16:11] Текст ошибки: Страница не найдена | Файл: C:\xampp\htdocs\ishop2.loc\vendor\ishop\core\Router.php | Строка: 39
=================
[2018-07-06 20:16:11] Текст ошибки: Страница не найдена | Файл: C:\xampp\htdocs\ishop2.loc\vendor\ishop\core\Router.php | Строка: 39
=================
[2018-07-06 20:16:11] Текст ошибки: Страница не найдена | Файл: C:\xampp\htdocs\ishop2.loc\vendor\ishop\core\Router.php | Строка: 39
=================
[2018-07-06 20:16:11] Текст ошибки: Страница не найдена | Файл: C:\xampp\htdocs\ishop2.loc\vendor\ishop\core\Router.php | Строка: 39
=================
[2018-07-06 20:16:11] Текст ошибки: Страница не найдена | Файл: C:\xampp\htdocs\ishop2.loc\vendor\ishop\core\Router.php | Строка: 39
=================
[2018-07-06 20:16:11] Текст ошибки: Страница не найдена | Файл: C:\xampp\htdocs\ishop2.loc\vendor\ishop\core\Router.php | Строка: 39
=================
[2018-07-06 20:16:11] Текст ошибки: Страница не найдена | Файл: C:\xampp\htdocs\ishop2.loc\vendor\ishop\core\Router.php | Строка: 39
=================
[2018-07-06 20:16:11] Текст ошибки: Страница не найдена | Файл: C:\xampp\htdocs\ishop2.loc\vendor\ishop\core\Router.php | Строка: 39
=================
[2018-07-06 20:16:11] Текст ошибки: Страница не найдена | Файл: C:\xampp\htdocs\ishop2.loc\vendor\ishop\core\Router.php | Строка: 39
=================
[2018-07-06 20:16:11] Текст ошибки: Страница не найдена | Файл: C:\xampp\htdocs\ishop2.loc\vendor\ishop\core\Router.php | Строка: 39
=================
[2018-07-06 20:16:11] Текст ошибки: Страница не найдена | Файл: C:\xampp\htdocs\ishop2.loc\vendor\ishop\core\Router.php | Строка: 39
=================
[2018-07-06 20:16:11] Текст ошибки: Страница не найдена | Файл: C:\xampp\htdocs\ishop2.loc\vendor\ishop\core\Router.php | Строка: 39
=================
[2018-07-06 20:16:11] Текст ошибки: Страница не найдена | Файл: C:\xampp\htdocs\ishop2.loc\vendor\ishop\core\Router.php | Строка: 39
=================
[2018-07-06 20:16:11] Текст ошибки: Страница не найдена | Файл: C:\xampp\htdocs\ishop2.loc\vendor\ishop\core\Router.php | Строка: 39
=================
[2018-07-06 20:16:11] Текст ошибки: Страница не найдена | Файл: C:\xampp\htdocs\ishop2.loc\vendor\ishop\core\Router.php | Строка: 39
=================
[2018-07-06 20:39:14] Текст ошибки: SQLSTATE[42000]: Syntax error or access violation: 1064 You have an error in your SQL syntax; check the manual that corresponds to your MariaDB server version for the right syntax to use near ''='1' AND status = '1' LIMIT 8  -- keep-cache' at line 1 | Файл: C:\xampp\htdocs\ishop2.loc\vendor\gabordemooij\redbean\RedBeanPHP\Driver\RPDO.php | Строка: 188
=================
[2018-07-06 20:39:35] Текст ошибки: SQLSTATE[42000]: Syntax error or access violation: 1064 You have an error in your SQL syntax; check the manual that corresponds to your MariaDB server version for the right syntax to use near ''='1' AND status = '1' LIMIT 8  -- keep-cache' at line 1 | Файл: C:\xampp\htdocs\ishop2.loc\vendor\gabordemooij\redbean\RedBeanPHP\Driver\RPDO.php | Строка: 188
=================
[2018-07-06 20:39:59] Текст ошибки: SQLSTATE[42000]: Syntax error or access violation: 1064 You have an error in your SQL syntax; check the manual that corresponds to your MariaDB server version for the right syntax to use near ''='1' AND status = '1' LIMIT 8  -- keep-cache' at line 1 | Файл: C:\xampp\htdocs\ishop2.loc\vendor\gabordemooij\redbean\RedBeanPHP\Driver\RPDO.php | Строка: 188
=================
[2018-07-06 20:40:44] Текст ошибки: SQLSTATE[42S02]: Base table or view not found: 1146 Table 'ishop2.prodcut' doesn't exist | Файл: C:\xampp\htdocs\ishop2.loc\vendor\gabordemooij\redbean\RedBeanPHP\Driver\RPDO.php | Строка: 188
=================
[2018-07-06 20:41:20] Текст ошибки: SQLSTATE[42S02]: Base table or view not found: 1146 Table 'ishop2.prodcut' doesn't exist | Файл: C:\xampp\htdocs\ishop2.loc\vendor\gabordemooij\redbean\RedBeanPHP\Driver\RPDO.php | Строка: 188
=================
[2018-07-06 20:41:35] Текст ошибки: SQLSTATE[42S02]: Base table or view not found: 1146 Table 'ishop2.prodcut' doesn't exist | Файл: C:\xampp\htdocs\ishop2.loc\vendor\gabordemooij\redbean\RedBeanPHP\Driver\RPDO.php | Строка: 188
=================
[2018-07-06 20:42:02] Текст ошибки: SQLSTATE[42S02]: Base table or view not found: 1146 Table 'ishop2.prodcuts' doesn't exist | Файл: C:\xampp\htdocs\ishop2.loc\vendor\gabordemooij\redbean\RedBeanPHP\Driver\RPDO.php | Строка: 188
=================
[2018-07-06 20:42:28] Текст ошибки: SQLSTATE[42S02]: Base table or view not found: 1146 Table 'ishop2.hits' doesn't exist | Файл: C:\xampp\htdocs\ishop2.loc\vendor\gabordemooij\redbean\RedBeanPHP\Driver\RPDO.php | Строка: 188
=================
[2018-07-06 20:50:34] Текст ошибки: Страница не найдена | Файл: C:\xampp\htdocs\ishop2.loc\vendor\ishop\core\Router.php | Строка: 39
=================
[2018-07-06 20:52:25] Текст ошибки: Страница не найдена | Файл: C:\xampp\htdocs\ishop2.loc\vendor\ishop\core\Router.php | Строка: 39
=================
[2018-07-06 20:54:02] Текст ошибки: Страница не найдена | Файл: C:\xampp\htdocs\ishop2.loc\vendor\ishop\core\Router.php | Строка: 39
=================
[2018-07-06 20:57:52] Текст ошибки: syntax error, unexpected 'endif' (T_ENDIF) | Файл: C:\xampp\htdocs\ishop2.loc\app\views\Main\index.php | Строка: 66
=================
[2018-07-06 21:00:19] Текст ошибки: Страница не найдена | Файл: C:\xampp\htdocs\ishop2.loc\vendor\ishop\core\Router.php | Строка: 39
=================
[2018-07-06 21:06:48] Текст ошибки: Страница не найдена | Файл: C:\xampp\htdocs\ishop2.loc\vendor\ishop\core\Router.php | Строка: 39
=================
[2018-07-06 21:07:10] Текст ошибки: Страница не найдена | Файл: C:\xampp\htdocs\ishop2.loc\vendor\ishop\core\Router.php | Строка: 39
=================
[2018-07-06 21:09:51] Текст ошибки: Страница не найдена | Файл: C:\xampp\htdocs\ishop2.loc\vendor\ishop\core\Router.php | Строка: 39
=================
[2018-07-06 21:12:21] Текст ошибки: Страница не найдена | Файл: C:\xampp\htdocs\ishop2.loc\vendor\ishop\core\Router.php | Строка: 39
=================
